<?xml version="1.0" encoding="UTF-8"?>
<testng-results ignored="0" total="0" passed="0" failed="0" skipped="0">
  <reporter-output>
  </reporter-output>
  <suite started-at="2025-12-17T16:13:16 IST" name="Surefire suite" finished-at="2025-12-17T16:13:16 IST" duration-ms="10">
    <groups>
    </groups>
    <test started-at="2025-12-17T16:13:16 IST" name="Surefire test" finished-at="2025-12-17T16:13:16 IST" duration-ms="10">
      <class name="Demo.BaseTest">
        <test-method is-config="true" signature="setupReport()[pri:0, instance:Demo.BaseTest@35047d03]" started-at="2025-12-17T16:13:16 IST" name="setupReport" finished-at="2025-12-17T16:13:16 IST" duration-ms="178" status="PASS">
          <reporter-output>
          </reporter-output>
        </test-method> <!-- setupReport -->
        <test-method is-config="true" signature="flushReport()[pri:0, instance:Demo.BaseTest@35047d03]" started-at="2025-12-17T16:13:17 IST" name="flushReport" finished-at="2025-12-17T16:13:17 IST" duration-ms="235" status="PASS">
          <reporter-output>
          </reporter-output>
        </test-method> <!-- flushReport -->
      </class> <!-- Demo.BaseTest -->
    </test> <!-- Surefire test -->
  </suite> <!-- Surefire suite -->
</testng-results>
